[6232] [ERR] [bnl] [External(0)] [External()] [2022-11-01T01:37:44.754Z]: PathOps: [20221101T09:37:44] {1ba8} ERR: .. is the leading path component: /../.build.info
[6232] [ERR] [bnl] [External(0)] [External()] [2022-11-01T01:37:44.754Z]: PathOps: [20221101T09:37:44] {1ba8} ERR: path normalization failed: /../.build.info
[6232] [NRM] [VoiceChat] [External(0)] [External()] [2022-11-01T01:37:50.269Z]: ==[VC] Client initialized
[6232] [NRM] [VoiceChat] [External(0)] [External()] [2022-11-01T01:37:54.701Z]: ==[VC] Devices started
[6232] [NRM] [VoiceChat] [External(0)] [External()] [2022-11-01T01:37:54.703Z]: ==[VC] SetTargetOutputDevice Speakers (Realtek High Definition Audio)
[6232] [NRM] [VoiceChat] [External(0)] [External()] [2022-11-01T01:37:54.704Z]: ==[VC] SetTargetInputDevice Microphone (Realtek High Definition Audio)
[6232] [NRM] [VoiceChat] [External(0)] [External()] [2022-11-01T01:37:54.704Z]: ==[VC] Client started
[6232] [NRM] [VoiceChat] [External(0)] [External()] [2022-11-01T01:37:54.830Z]: #=[VC] ResponseGetOutputDevices 01 0(0:811c9dc5) (Default System Device|Default System Device) ({0.0.0.00000000}.{b987a3d2-e04d-497c-974e-9c1f29eb1861}|Speakers (Realtek High Definition Audio)) ({0.0.0.00000000}.{b987a3d2-e04d-497c-974e-9c1f29eb1861}|Speakers (Realtek High Definition Audio)) ({0.0.0.00000000}.{b987a3d2-e04d-497c-974e-9c1f29eb1861}|Speakers (Realtek High Definition Audio))
[6232] [NRM] [VoiceChat] [External(0)] [External()] [2022-11-01T01:37:54.831Z]: ==[VC] Output devices added [(Default Communication Device|Default Communication Device),(Default System Device|Default System Device),(No Device|No Device),({0.0.0.00000000}.{7fc0e64f-24ad-4968-9d0d-87f748a8ce52}|Realtek Digital Output (Realtek High Definition Audio)),({0.0.0.00000000}.{b987a3d2-e04d-497c-974e-9c1f29eb1861}|Speakers (Realtek High Definition Audio))]
[6232] [NRM] [VoiceChat] [External(0)] [External()] [2022-11-01T01:37:54.832Z]: ==[VC] SetTargetOutputDevice Speakers (Realtek High Definition Audio)
[6232] [NRM] [VoiceChat] [External(0)] [External()] [2022-11-01T01:37:54.834Z]: ==[VC] SetTargetInputDevice Microphone (Realtek High Definition Audio)
[6232] [NRM] [VoiceChat] [External(0)] [External()] [2022-11-01T01:37:54.834Z]: ==[VC] New active output device (Default System Device|Default System Device)
[6232] [NRM] [VoiceChat] [External(0)] [External()] [2022-11-01T01:37:54.912Z]: #=[VC] ResponseGetInputDevices 01 0(0:811c9dc5) (Default System Device|Default System Device) ({0.0.1.00000000}.{cc3e99ec-5abd-427b-a862-b6e24f813982}|Microphone (Realtek High Definition Audio)) ({0.0.1.00000000}.{cc3e99ec-5abd-427b-a862-b6e24f813982}|Microphone (Realtek High Definition Audio)) ({0.0.1.00000000}.{cc3e99ec-5abd-427b-a862-b6e24f813982}|Microphone (Realtek High Definition Audio))
[6232] [NRM] [VoiceChat] [External(0)] [External()] [2022-11-01T01:37:54.912Z]: ==[VC] Input devices added [(Default Communication Device|Default Communication Device),(Default System Device|Default System Device),(No Device|No Device),({0.0.1.00000000}.{4b219675-39d6-4c8b-ab4d-9a16d0d3b021}|Microphone (DroidCam Virtual Audio)),({0.0.1.00000000}.{cc3e99ec-5abd-427b-a862-b6e24f813982}|Microphone (Realtek High Definition Audio))]
[6232] [NRM] [VoiceChat] [External(0)] [External()] [2022-11-01T01:37:54.914Z]: ==[VC] SetTargetOutputDevice Speakers (Realtek High Definition Audio)
[6232] [NRM] [VoiceChat] [External(0)] [External()] [2022-11-01T01:37:54.916Z]: ==[VC] SetTargetInputDevice Microphone (Realtek High Definition Audio)
[6232] [NRM] [VoiceChat] [External(0)] [External()] [2022-11-01T01:37:54.916Z]: ==[VC] New active input device (Default System Device|Default System Device)
[6232] [NRM] [VoiceChat] [External(0)] [External()] [2022-11-01T01:37:55.075Z]: #=[VC] ResponseGetOutputDevices 01 0(0:811c9dc5) (Default System Device|Default System Device) ({0.0.0.00000000}.{b987a3d2-e04d-497c-974e-9c1f29eb1861}|Speakers (Realtek High Definition Audio)) ({0.0.0.00000000}.{b987a3d2-e04d-497c-974e-9c1f29eb1861}|Speakers (Realtek High Definition Audio)) ({0.0.0.00000000}.{b987a3d2-e04d-497c-974e-9c1f29eb1861}|Speakers (Realtek High Definition Audio))
[6232] [NRM] [VoiceChat] [External(0)] [External()] [2022-11-01T01:37:55.126Z]: #=[VC] ResponseGetInputDevices 01 0(0:811c9dc5) (Default System Device|Default System Device) ({0.0.1.00000000}.{cc3e99ec-5abd-427b-a862-b6e24f813982}|Microphone (Realtek High Definition Audio)) ({0.0.1.00000000}.{cc3e99ec-5abd-427b-a862-b6e24f813982}|Microphone (Realtek High Definition Audio)) ({0.0.1.00000000}.{cc3e99ec-5abd-427b-a862-b6e24f813982}|Microphone (Realtek High Definition Audio))
[6232] [NRM] [VoiceChat] [External(0)] [External()] [2022-11-01T01:37:55.208Z]: ==[VC] RequestSetActiveOutputDevice ({0.0.0.00000000}.{b987a3d2-e04d-497c-974e-9c1f29eb1861}|Speakers (Realtek High Definition Audio))
[6232] [NRM] [VoiceChat] [External(0)] [External()] [2022-11-01T01:37:55.208Z]: ==[VC] RequestSetActiveInputDevice ({0.0.1.00000000}.{cc3e99ec-5abd-427b-a862-b6e24f813982}|Microphone (Realtek High Definition Audio))
[6232] [NRM] [VoiceChat] [External(0)] [External()] [2022-11-01T01:37:55.272Z]: #=[VC] ResponseSetActiveOutputDevice 02 0(0:811c9dc5) 
[6232] [NRM] [VoiceChat] [External(0)] [External()] [2022-11-01T01:37:55.272Z]: ==[VC] New active output device ({0.0.0.00000000}.{b987a3d2-e04d-497c-974e-9c1f29eb1861}|Speakers (Realtek High Definition Audio))
[6232] [NRM] [VoiceChat] [External(0)] [External()] [2022-11-01T01:37:55.272Z]: #=[VC] ResponseSetActiveInputDevice 02 0(0:811c9dc5) 
[6232] [NRM] [VoiceChat] [External(0)] [External()] [2022-11-01T01:37:55.272Z]: ==[VC] New active input device ({0.0.1.00000000}.{cc3e99ec-5abd-427b-a862-b6e24f813982}|Microphone (Realtek High Definition Audio))
[6232] [NRM] [VoiceChat] [External(0)] [External()] [2022-11-01T01:38:07.339Z]: #=[VC] Auto-Join Enabled Flags 0000 -> 0005
[6232] [NRM] [VoiceChat] [External(0)] [External()] [2022-11-01T01:38:07.339Z]: #=[VC] Channel Enabled Flags 0000 -> 0005
[6232] [NRM] [VoiceChat] [External(0)] [External()] [2022-11-01T02:19:08.322Z]: #=[VC] ChatSystem switching to new TEAM channel: _?__OSA==__?_
[6232] [NRM] [VoiceChat] [External(0)] [External()] [2022-11-01T02:19:08.323Z]: ==[VC] LeaveAllVoiceChannels()
[6232] [NRM] [VoiceChat] [External(0)] [External()] [2022-11-01T02:19:08.323Z]: ==[VC] JoinVoiceChannel() _?__OSA==__?_ - TEAM - active = 1
[6232] [NRM] [VoiceChat] [External(0)] [External()] [2022-11-01T02:19:08.323Z]: ==[VC] Request channel transmit 1465015290 (true)
[6232] [NRM] [VoiceChat] [External(0)] [External()] [2022-11-01T02:19:08.323Z]: ==[VC] Request join channel TEAM 1465015290 57525bfa
[6232] [NRM] [VoiceChat] [External(0)] [External()] [2022-11-01T02:19:08.323Z]: #=[VC] __SetTargetActiveChannelType(UNKNOWN -> TEAM) : -2
[6232] [NRM] [VoiceChat] [External(0)] [External()] [2022-11-01T02:19:08.339Z]: ==[VC] Request login c3034a6d
[6232] [NRM] [VoiceChat] [External(0)] [External()] [2022-11-01T02:19:08.339Z]: ==[VC] Login credentials requested
[6232] [NRM] [VoiceChat] [External(0)] [External()] [2022-11-01T02:19:08.629Z]: #=[VC] ChatSystem leaving TEAM channel: _?__OSA==__?_
[6232] [NRM] [VoiceChat] [External(0)] [External()] [2022-11-01T02:19:08.629Z]: ==[VC] LeaveVoiceChannel() _?__OSA==__?_
[6232] [NRM] [VoiceChat] [External(0)] [External()] [2022-11-01T02:19:08.629Z]: ==[VC] Request tracker canceled 4
[6232] [NRM] [VoiceChat] [External(0)] [External()] [2022-11-01T02:19:08.629Z]: ==[VC] Request tracker canceled 3
[6232] [NRM] [VoiceChat] [External(0)] [External()] [2022-11-01T02:19:08.767Z]: #=[VC] LoginCredentials 5 0 c3034a6d 81f2c09f 7d33d227
[6232] [NRM] [VoiceChat] [External(0)] [External()] [2022-11-01T02:19:08.767Z]: ==[VC] Connect requested 080206e9 7d33d227
[6232] [NRM] [VoiceChat] [External(0)] [External()] [2022-11-01T02:19:09.815Z]: #=[VC] ResponseConnect 05 0(0:811c9dc5) 080206e9
[6232] [NRM] [VoiceChat] [External(0)] [External()] [2022-11-01T02:19:09.832Z]: ==[VC] Login requested 080206e9 9bd5d047 81f2c09f c3034a6d
[6232] [NRM] [VoiceChat] [External(0)] [External()] [2022-11-01T02:19:09.849Z]: #=[VC] LoggingIn 00 0(0:811c9dc5) 9bd5d047
[6232] [NRM] [VoiceChat] [External(0)] [External()] [2022-11-01T02:19:12.782Z]: #=[VC] ResponseLogin 05 0(0:811c9dc5) ea03ad44@4a95b6d2
[6232] [NRM] [VoiceChat] [External(0)] [External()] [2022-11-01T02:19:12.782Z]: #=[VC] LoggedIn 00 0(0:811c9dc5) 9bd5d047
[6232] [NRM] [VoiceChat] [External(0)] [External()] [2022-11-01T02:19:12.798Z]: ==[VC] Login complete c3034a6d 81f2c09f 9bd5d047 
[6232] [NRM] [VoiceChat] [External(0)] [External()] [2022-11-01T02:19:12.815Z]: ==[VC] SetPushToTalk (true)
[6232] [NRM] [VoiceChat] [External(0)] [External()] [2022-11-01T02:19:12.815Z]: ==[VC] SetPTTVADProperties
[6232] [NRM] [VoiceChat] [External(0)] [External()] [2022-11-01T02:19:12.832Z]: #=[VC] ResponseGetVADProperties 07 0(0:811c9dc5) hangover 2000 sensitivity 43 noisefloor 576 auto false
[6232] [NRM] [VoiceChat] [External(0)] [External()] [2022-11-01T02:19:12.865Z]: #=[VC] SetOutputVolume 06 0(0:811c9dc5) 
[6232] [NRM] [VoiceChat] [External(0)] [External()] [2022-11-01T02:19:12.865Z]: #=[VC] SetInputVolume 06 0(0:811c9dc5) 
[6232] [NRM] [VoiceChat] [External(0)] [External()] [2022-11-01T02:19:12.865Z]: #=[VC] MuteInput 06 0(0:811c9dc5) 
[6232] [NRM] [VoiceChat] [External(0)] [External()] [2022-11-01T02:19:12.865Z]: #=[VC] ResponseSetVADProperties 07 0(0:811c9dc5) 
[6232] [NRM] [VoiceChat] [External(0)] [External()] [2022-11-01T02:19:12.865Z]: ==[VC] SetVADProperties success hangover 2000 sensitivity 0 noisefloor 576 auto false
[6232] [NRM] [VoiceChat] [External(0)] [External()] [2022-11-01T02:20:08.675Z]: #=[VC] Channel Enabled Flags 0005 -> 0007
[6232] [NRM] [VoiceChat] [External(0)] [External()] [2022-11-01T02:20:14.693Z]: #=[VC] ChatSystem switching to new TEAM channel: _?__pYA==__?_
[6232] [NRM] [VoiceChat] [External(0)] [External()] [2022-11-01T02:20:14.693Z]: ==[VC] LeaveAllVoiceChannels()
[6232] [NRM] [VoiceChat] [External(0)] [External()] [2022-11-01T02:20:14.693Z]: ==[VC] JoinVoiceChannel() _?__pYA==__?_ - TEAM - active = 1
[6232] [NRM] [VoiceChat] [External(0)] [External()] [2022-11-01T02:20:14.693Z]: ==[VC] Request channel transmit 231485649 (true)
[6232] [NRM] [VoiceChat] [External(0)] [External()] [2022-11-01T02:20:14.693Z]: ==[VC] Request join channel TEAM 231485649 8dcc30d1
[6232] [NRM] [VoiceChat] [External(0)] [External()] [2022-11-01T02:20:14.693Z]: ==[VC] Channel credentials requested TEAM 231485649
[6232] [NRM] [VoiceChat] [External(0)] [External()] [2022-11-01T02:20:15.540Z]: #=[VC] ChannelCredentials 9 0 8dcc30d1 39f6302c@4a95b6d2
[6232] [NRM] [VoiceChat] [External(0)] [External()] [2022-11-01T02:20:15.540Z]: ==[VC] Join channel requested 9bd5d047 231485649 39f6302c@4a95b6d2
[6232] [NRM] [VoiceChat] [External(0)] [External()] [2022-11-01T02:20:15.607Z]: #=[VC] ResponseJoinChannel 09 0(0:811c9dc5) 231485649
[6232] [NRM] [VoiceChat] [External(0)] [External()] [2022-11-01T02:20:15.624Z]: #=[VC] ChannelAdded 231485649 8dcc30d1
[6232] [NRM] [VoiceChat] [External(0)] [External()] [2022-11-01T02:20:15.856Z]: #=[VC] ChannelConnection 00 0(0:811c9dc5) 231485649 8dcc30d1 Connecting
[6232] [NRM] [VoiceChat] [External(0)] [External()] [2022-11-01T02:20:16.638Z]: #=[VC] ChannelConnection 00 0(0:811c9dc5) 231485649 8dcc30d1 Connected
[6232] [NRM] [VoiceChat] [External(0)] [External()] [2022-11-01T02:20:16.638Z]: #=[VC] MemberAdded 231485649 8dcc30d1 ea03ad44@4a95b6d2 81f2c09f true
[6232] [NRM] [VoiceChat] [External(0)] [External()] [2022-11-01T02:20:16.655Z]: ==[VC] Join channel complete 231485649
[6232] [NRM] [VoiceChat] [External(0)] [External()] [2022-11-01T02:20:16.672Z]: ==[VC] Channel transmit requested 231485649 (true)
[6232] [NRM] [VoiceChat] [External(0)] [External()] [2022-11-01T02:20:16.688Z]: #=[VC] ResponseStartTransmit 08 0(0:811c9dc5) 231485649
[6232] [NRM] [VoiceChat] [External(0)] [External()] [2022-11-01T02:20:16.688Z]: ==[VC] OnJoinChannel NONE -> TEAM

[6232] [NRM] [VoiceChat] [External(0)] [External()] [2022-11-01T02:20:16.705Z]: ==[VC] Notified Lobby of Active channel NONE -> TEAM

[6232] [NRM] [VoiceChat] [External(0)] [External()] [2022-11-01T02:20:16.705Z]: ==[VC] Channel transmit set 231485649 (true)
[6232] [NRM] [VoiceChat] [External(0)] [External()] [2022-11-01T02:20:16.938Z]: #=[VC] MemberIDUpdate 231485649 81f2c09f c3034a6d
[6232] [NRM] [VoiceChat] [External(0)] [External()] [2022-11-01T02:20:16.938Z]: ==[VC] Member identity updated 81f2c09f c3034a6d 86a8b3f4
[6232] [NRM] [VoiceChat] [External(0)] [External()] [2022-11-01T02:20:43.379Z]: #=[VC] ChatSystem leaving TEAM channel: _?__pYA==__?_
[6232] [NRM] [VoiceChat] [External(0)] [External()] [2022-11-01T02:20:43.379Z]: ==[VC] LeaveVoiceChannel() _?__pYA==__?_
[6232] [NRM] [VoiceChat] [External(0)] [External()] [2022-11-01T02:20:43.379Z]: ==[VC] Request leave channel 231485649
[6232] [NRM] [VoiceChat] [External(0)] [External()] [2022-11-01T02:20:43.379Z]: #=[VC] Channel Enabled Flags 0007 -> 0005
[6232] [NRM] [VoiceChat] [External(0)] [External()] [2022-11-01T02:20:43.380Z]: ==[VC] Leave channel requested 231485649 8dcc30d1
[6232] [NRM] [VoiceChat] [External(0)] [External()] [2022-11-01T02:20:43.402Z]: ==[VC] Notified Lobby of Active channel TEAM -> NONE

[6232] [NRM] [VoiceChat] [External(0)] [External()] [2022-11-01T02:20:43.402Z]: #=[VC] ChannelConnection 00 0(0:811c9dc5) 231485649 8dcc30d1 Disconnecting
[6232] [NRM] [VoiceChat] [External(0)] [External()] [2022-11-01T02:20:43.402Z]: #=[VC] ResponseLeaveChannel 0a 0(0:811c9dc5) 8dcc30d1 231485649
[6232] [NRM] [VoiceChat] [External(0)] [External()] [2022-11-01T02:20:43.403Z]: #=[VC] ChannelConnection 00 0(0:811c9dc5) 231485649 8dcc30d1 Disconnected
[6232] [NRM] [VoiceChat] [External(0)] [External()] [2022-11-01T02:20:43.403Z]: #=[VC] MemberRemoved 231485649 8dcc30d1 ea03ad44@4a95b6d2 81f2c09f 0
[6232] [NRM] [VoiceChat] [External(0)] [External()] [2022-11-01T02:20:43.429Z]: #=[VC] ChannelRemoved 231485649 8dcc30d1 
[6232] [NRM] [VoiceChat] [External(0)] [External()] [2022-11-01T02:20:43.446Z]: ==[VC] Leave channel complete 231485649
[6232] [NRM] [VoiceChat] [External(0)] [External()] [2022-11-01T02:20:53.349Z]: #=[VC] ChatSystem switching to new TEAM channel: _?__ZgA==__?_
[6232] [NRM] [VoiceChat] [External(0)] [External()] [2022-11-01T02:20:53.349Z]: ==[VC] LeaveAllVoiceChannels()
[6232] [NRM] [VoiceChat] [External(0)] [External()] [2022-11-01T02:20:53.349Z]: ==[VC] JoinVoiceChannel() _?__ZgA==__?_ - TEAM - active = 1
[6232] [NRM] [VoiceChat] [External(0)] [External()] [2022-11-01T02:20:53.349Z]: ==[VC] Request channel transmit 337844876 (true)
[6232] [NRM] [VoiceChat] [External(0)] [External()] [2022-11-01T02:20:53.349Z]: ==[VC] Request join channel TEAM 337844876 14231a8c
[6232] [NRM] [VoiceChat] [External(0)] [External()] [2022-11-01T02:20:53.349Z]: ==[VC] Channel credentials requested TEAM 337844876
[6232] [NRM] [VoiceChat] [External(0)] [External()] [2022-11-01T02:20:53.914Z]: #=[VC] ChannelCredentials c 0 14231a8c 904d4385@4a95b6d2
[6232] [NRM] [VoiceChat] [External(0)] [External()] [2022-11-01T02:20:53.914Z]: ==[VC] Join channel requested 9bd5d047 337844876 904d4385@4a95b6d2
[6232] [NRM] [VoiceChat] [External(0)] [External()] [2022-11-01T02:20:53.962Z]: #=[VC] ResponseJoinChannel 0c 0(0:811c9dc5) 337844876
[6232] [NRM] [VoiceChat] [External(0)] [External()] [2022-11-01T02:20:53.986Z]: #=[VC] ChannelAdded 337844876 14231a8c
[6232] [NRM] [VoiceChat] [External(0)] [External()] [2022-11-01T02:20:54.232Z]: #=[VC] ChannelConnection 00 0(0:811c9dc5) 337844876 14231a8c Connecting
[6232] [NRM] [VoiceChat] [External(0)] [External()] [2022-11-01T02:20:55.013Z]: #=[VC] ChannelConnection 00 0(0:811c9dc5) 337844876 14231a8c Connected
[6232] [NRM] [VoiceChat] [External(0)] [External()] [2022-11-01T02:20:55.013Z]: #=[VC] MemberAdded 337844876 14231a8c ea03ad44@4a95b6d2 81f2c09f true
[6232] [NRM] [VoiceChat] [External(0)] [External()] [2022-11-01T02:20:55.030Z]: ==[VC] Join channel complete 337844876
[6232] [NRM] [VoiceChat] [External(0)] [External()] [2022-11-01T02:20:55.046Z]: ==[VC] Channel transmit requested 337844876 (true)
[6232] [NRM] [VoiceChat] [External(0)] [External()] [2022-11-01T02:20:55.063Z]: #=[VC] ResponseStartTransmit 0b 0(0:811c9dc5) 337844876
[6232] [NRM] [VoiceChat] [External(0)] [External()] [2022-11-01T02:20:55.063Z]: ==[VC] OnJoinChannel NONE -> TEAM

[6232] [NRM] [VoiceChat] [External(0)] [External()] [2022-11-01T02:20:55.079Z]: ==[VC] Notified Lobby of Active channel NONE -> TEAM

[6232] [NRM] [VoiceChat] [External(0)] [External()] [2022-11-01T02:20:55.080Z]: ==[VC] Channel transmit set 337844876 (true)
[6232] [NRM] [VoiceChat] [External(0)] [External()] [2022-11-01T02:20:55.364Z]: #=[VC] MemberIDUpdate 337844876 81f2c09f c3034a6d
[6232] [NRM] [VoiceChat] [External(0)] [External()] [2022-11-01T02:20:55.364Z]: ==[VC] Member identity updated 81f2c09f c3034a6d 86a8b3f4
[6232] [NRM] [VoiceChat] [External(0)] [External()] [2022-11-01T02:20:58.835Z]: #=[VC] MemberAdded 337844876 14231a8c 5ba64ae0@4a95b6d2 c1af1487 false
[6232] [NRM] [VoiceChat] [External(0)] [External()] [2022-11-01T02:20:59.223Z]: #=[VC] MemberIDUpdate 337844876 c1af1487 567b452b
[6232] [NRM] [VoiceChat] [External(0)] [External()] [2022-11-01T02:20:59.223Z]: ==[VC] Member identity updated c1af1487 567b452b 86a8b3f4
[6232] [NRM] [VoiceChat] [External(0)] [External()] [2022-11-01T02:21:02.985Z]: #=[VC] MemberAdded 337844876 14231a8c d0aa87f0@4a95b6d2 4f2c83df false
[6232] [NRM] [VoiceChat] [External(0)] [External()] [2022-11-01T02:21:03.373Z]: #=[VC] MemberIDUpdate 337844876 4f2c83df 3141ab9d
[6232] [NRM] [VoiceChat] [External(0)] [External()] [2022-11-01T02:21:03.374Z]: ==[VC] Member identity updated 4f2c83df 3141ab9d 86a8b3f4
[6232] [NRM] [VoiceChat] [External(0)] [External()] [2022-11-01T02:22:55.398Z]: #=[VC] ChatSystem leaving TEAM channel: _?__ZgA==__?_
[6232] [NRM] [VoiceChat] [External(0)] [External()] [2022-11-01T02:22:55.398Z]: ==[VC] LeaveVoiceChannel() _?__ZgA==__?_
[6232] [NRM] [VoiceChat] [External(0)] [External()] [2022-11-01T02:22:55.398Z]: ==[VC] Request leave channel 337844876
[6232] [NRM] [VoiceChat] [External(0)] [External()] [2022-11-01T02:22:55.398Z]: #=[VC] Auto-Join Enabled Flags 0005 -> 0000
[6232] [NRM] [VoiceChat] [External(0)] [External()] [2022-11-01T02:22:55.398Z]: #=[VC] Channel Enabled Flags 0005 -> 0000
[6232] [NRM] [VoiceChat] [External(0)] [External()] [2022-11-01T02:22:55.398Z]: ==[VC] Request logout
[6232] [NRM] [VoiceChat] [External(0)] [External()] [2022-11-01T02:22:55.398Z]: ==[VC] Leave channel requested 337844876 14231a8c
[6232] [NRM] [VoiceChat] [External(0)] [External()] [2022-11-01T02:22:55.765Z]: ==[VC] Request stop
[6232] [NRM] [VoiceChat] [External(0)] [External()] [2022-11-01T02:22:55.765Z]: ==[VC] Cancel all queued trackers 4
[6232] [NRM] [VoiceChat] [External(0)] [External()] [2022-11-01T02:22:55.765Z]: ==[VC] Request tracker canceled 1
[6232] [NRM] [VoiceChat] [External(0)] [External()] [2022-11-01T02:22:55.765Z]: ==[VC] Request logout
[6232] [NRM] [VoiceChat] [External(0)] [External()] [2022-11-01T02:22:55.771Z]: #=[VC] ChannelConnection 00 0(0:811c9dc5) 337844876 14231a8c Disconnecting
[6232] [NRM] [VoiceChat] [External(0)] [External()] [2022-11-01T02:22:55.771Z]: #=[VC] ResponseLeaveChannel 33fb 0(0:811c9dc5) 14231a8c 337844876
[6232] [NRM] [VoiceChat] [External(0)] [External()] [2022-11-01T02:22:55.771Z]: #=[VC] ChannelConnection 00 0(0:811c9dc5) 337844876 14231a8c Disconnected
[6232] [NRM] [VoiceChat] [External(0)] [External()] [2022-11-01T02:22:55.771Z]: #=[VC] MemberRemoved 337844876 14231a8c ea03ad44@4a95b6d2 81f2c09f 0
[6232] [NRM] [VoiceChat] [External(0)] [External()] [2022-11-01T02:22:55.772Z]: #=[VC] ChannelRemoved 337844876 14231a8c 
[6232] [NRM] [VoiceChat] [External(0)] [External()] [2022-11-01T02:22:55.952Z]: ==[VC] Leave channel complete 337844876
[6232] [NRM] [VoiceChat] [External(0)] [External()] [2022-11-01T02:22:55.952Z]: ==[VC] Logout requested 9bd5d047
[6232] [ERR] [VoiceChat] [External(0)] [External()] [2022-11-01T02:22:55.952Z]: ==[VC] MuteMember failed 14231a8c 5ba64ae0@4a95b6d2 1(1001:bd0706aa)
[6232] [ERR] [VoiceChat] [External(0)] [External()] [2022-11-01T02:22:55.952Z]: ==[VC] MuteMember failed 14231a8c d0aa87f0@4a95b6d2 1(1001:bd0706aa)
[6232] [NRM] [VoiceChat] [External(0)] [External()] [2022-11-01T02:22:56.209Z]: #=[VC] ResponseLogout 33ff 0(0:811c9dc5) 
[6232] [NRM] [VoiceChat] [External(0)] [External()] [2022-11-01T02:22:56.209Z]: #=[VC] LoggingOut 00 0(0:811c9dc5) 9bd5d047
[6232] [NRM] [VoiceChat] [External(0)] [External()] [2022-11-01T02:22:56.209Z]: #=[VC] LoggedOut 00 0(0:811c9dc5) 9bd5d047
[6232] [NRM] [VoiceChat] [External(0)] [External()] [2022-11-01T02:22:56.222Z]: ==[VC] Disconnect requested 080206e9
[6232] [NRM] [VoiceChat] [External(0)] [External()] [2022-11-01T02:22:56.228Z]: #=[VC] ResponseDisconnect 33ff 0(0:811c9dc5) 
[6232] [NRM] [VoiceChat] [External(0)] [External()] [2022-11-01T02:22:56.234Z]: ==[VC] Disconnect complete
[6232] [NRM] [VoiceChat] [External(0)] [External()] [2022-11-01T02:22:56.234Z]: ==[VC] Stop complete
[6232] [ERR] [bnl] [External(0)] [External()] [2022-11-01T02:23:02.186Z]: Network: [20221101T10:23:02] {2ba8} ERR: network dispatcher: action posted after shutdown
